<?xml version="1.0" encoding="UTF-8"?>
<testsuite xmlns:xsi="http://www.w3.org/2001/XMLSchema-instance" xsi:noNamespaceSchemaLocation="https://maven.apache.org/surefire/maven-surefire-plugin/xsd/surefire-test-report.xsd" name="com.demo.service.impl.test.ValidationServiceImplTest" time="0.023" tests="4" errors="0" skipped="0" failures="0">
  <properties>
[...]
</properties>
  <testcase name="testIsValidPanEmpty" classname="com.demo.service.impl.test.ValidationServiceImplTest" time="0.01"/>
  <testcase name="testIsValidPanFalse" classname="com.demo.service.impl.test.ValidationServiceImplTest" time="0.004"/>
  <testcase name="testIsValidPanTrue" classname="com.demo.service.impl.test.ValidationServiceImplTest" time="0.001"/>
  <testcase name="testIsVaidPrimeNumber" classname="com.demo.service.impl.test.ValidationServiceImplTest" time="0.001"/>
</testsuite>